<?xml version="1.0" encoding="UTF-8"?>
<!-- Generated by org.testng.reporters.JUnitReportReporter -->
<testsuite hostname="LAPTOP-P0G3ANQ6" failures="0" tests="8" name="Dec29TCs.HomePageTestCasesWithEnableDisable" time="100.014" errors="0" timestamp="2021-01-01T22:02:50 IST" skipped="4">
  <testcase classname="Dec29TCs.HomePageTestCasesWithEnableDisable" name="verifycontactUsLink" time="23.587"/>
  <system-out/>
  <testcase classname="Dec29TCs.HomePageTestCasesWithEnableDisable" name="verifyContactUsPage" time="20.065"/>
  <system-out/>
  <testcase classname="Dec29TCs.HomePageTestCasesWithEnableDisable" name="createAnAccount" time="32.316"/>
  <system-out/>
  <testcase classname="Dec29TCs.HomePageTestCasesWithEnableDisable" name="logintoApp" time="24.046"/>
  <system-out/>
  <testcase classname="Dec29TCs.HomePageTestCasesWithEnableDisable" name="verifycreateAnaccount">
    <skipped/>
  </testcase> <!-- verifycreateAnaccount -->
  <system-out/>
  <testcase classname="Dec29TCs.HomePageTestCasesWithEnableDisable" name="searchAvalue">
    <skipped/>
  </testcase> <!-- searchAvalue -->
  <system-out/>
  <testcase classname="Dec29TCs.HomePageTestCasesWithEnableDisable" name="verifySignInLink">
    <skipped/>
  </testcase> <!-- verifySignInLink -->
  <system-out/>
  <testcase classname="Dec29TCs.HomePageTestCasesWithEnableDisable" name="verifyContactUsPage2">
    <skipped/>
  </testcase> <!-- verifyContactUsPage2 -->
  <system-out/>
</testsuite> <!-- Dec29TCs.HomePageTestCasesWithEnableDisable -->
