<?xml version="1.0" encoding="UTF-8"?>
<!-- Generated by org.testng.reporters.JUnitReportReporter -->
<testsuite hostname="LAPTOP-P0G3ANQ6" failures="0" tests="2" name="Dec24.LogInToApp" time="85.049" errors="0" timestamp="2020-12-25T16:54:48 IST" skipped="0">
  <testcase classname="Dec24.LogInToApp" name="LogIn" time="32.406"/>
  <system-out/>
  <testcase classname="Dec24.LogInToApp" name="CreateAccount" time="52.643"/>
  <system-out/>
</testsuite> <!-- Dec24.LogInToApp -->
