<?xml version="1.0" encoding="UTF-8"?>
<!-- Generated by org.testng.reporters.JUnitReportReporter -->
<testsuite hostname="LAPTOP-P0G3ANQ6" failures="0" tests="2" name="Dec24.ContactUs" time="54.446" errors="0" timestamp="2020-12-25T16:54:48 IST" skipped="0">
  <testcase classname="Dec24.ContactUs" name="contactUs" time="25.362"/>
  <system-out/>
  <testcase classname="Dec24.ContactUs" name="signIn" time="29.084"/>
  <system-out/>
</testsuite> <!-- Dec24.ContactUs -->
