<?xml version="1.0" encoding="UTF-8"?>
<!-- Generated by org.testng.reporters.JUnitReportReporter -->
<testsuite hostname="LAPTOP-P0G3ANQ6" failures="0" tests="2" name="Dec29TCs.ContactUsPageTestcases" time="29.602" errors="0" timestamp="2021-01-01T21:39:21 IST" skipped="0">
  <testcase classname="Dec29TCs.ContactUsPageTestcases" name="verifyContactUsPage2" time="14.009"/>
  <system-out/>
  <testcase classname="Dec29TCs.ContactUsPageTestcases" name="verifyContactUsPage" time="15.593"/>
  <system-out/>
</testsuite> <!-- Dec29TCs.ContactUsPageTestcases -->
