<?xml version="1.0" encoding="UTF-8"?>
<!-- Generated by org.testng.reporters.JUnitReportReporter -->
<testsuite hostname="LAPTOP-P0G3ANQ6" failures="0" tests="2" name="Dec24.LogInTOAppWithBeforeAndAfterMethods" time="176.181" errors="0" timestamp="2020-12-25T15:32:46 IST" skipped="0">
  <testcase classname="Dec24.LogInTOAppWithBeforeAndAfterMethods" name="CreateAccount" time="93.560"/>
  <system-out/>
  <testcase classname="Dec24.LogInTOAppWithBeforeAndAfterMethods" name="LogIn" time="82.621"/>
  <system-out/>
</testsuite> <!-- Dec24.LogInTOAppWithBeforeAndAfterMethods -->
