<?xml version="1.0" encoding="UTF-8"?>
<!-- Generated by org.testng.reporters.JUnitReportReporter -->
<testsuite hostname="LAPTOP-P0G3ANQ6" failures="0" tests="1" name="Dec29TCs.CreateAnAccountTestCases" time="30.557" errors="0" timestamp="2021-01-01T21:39:21 IST" skipped="0">
  <testcase classname="Dec29TCs.CreateAnAccountTestCases" name="createAnAccount" time="30.557"/>
  <system-out/>
</testsuite> <!-- Dec29TCs.CreateAnAccountTestCases -->
