<?xml version="1.0" encoding="UTF-8"?>
<!-- Generated by org.testng.reporters.JUnitReportReporter -->
<testsuite hostname="LAPTOP-P0G3ANQ6" failures="0" tests="2" name="Dec23.AnnotationsBefoeTest" time="0.006" errors="0" timestamp="2020-12-23T22:18:23 IST" skipped="0">
  <testcase classname="Dec23.AnnotationsBefoeTest" name="emp1" time="0.001"/>
  <system-out/>
  <testcase classname="Dec23.AnnotationsBefoeTest" name="emp" time="0.005"/>
  <system-out/>
</testsuite> <!-- Dec23.AnnotationsBefoeTest -->
