<?xml version="1.0" encoding="UTF-8"?>
<!-- Generated by org.testng.reporters.JUnitReportReporter -->
<testsuite hostname="LAPTOP-P0G3ANQ6" failures="0" tests="2" name="Dec22.Sample" time="0.012" errors="0" timestamp="2020-12-23T20:01:54 IST" skipped="0">
  <testcase classname="Dec22.Sample" name="Test" time="0.010"/>
  <system-out/>
  <testcase classname="Dec22.Sample" name="Test1" time="0.002"/>
  <system-out/>
</testsuite> <!-- Dec22.Sample -->
