<?xml version="1.0" encoding="UTF-8"?>
<!-- Generated by org.testng.reporters.JUnitReportReporter -->
<testsuite hostname="LAPTOP-P0G3ANQ6" failures="0" tests="2" name="Dec23.Annotation2WithClass" time="0.005" errors="0" timestamp="2020-12-23T20:46:24 IST" skipped="0">
  <testcase classname="Dec23.Annotation2WithClass" name="emp2" time="0.001"/>
  <system-out/>
  <testcase classname="Dec23.Annotation2WithClass" name="emp" time="0.004"/>
  <system-out/>
</testsuite> <!-- Dec23.Annotation2WithClass -->
