<?xml version="1.0" encoding="UTF-8"?>
<!-- Generated by org.testng.reporters.JUnitReportReporter -->
<testsuite hostname="LAPTOP-P0G3ANQ6" failures="0" tests="3" name="Dec23.Annotation1" time="0.012" errors="0" timestamp="2020-12-23T20:34:39 IST" skipped="0">
  <testcase classname="Dec23.Annotation1" name="emp" time="0.005"/>
  <system-out/>
  <testcase classname="Dec23.Annotation1" name="emp2" time="0.002"/>
  <system-out/>
  <testcase classname="Dec23.Annotation1" name="emp1" time="0.005"/>
  <system-out/>
</testsuite> <!-- Dec23.Annotation1 -->
