<?xml version="1.0" encoding="UTF-8"?>
<!-- Generated by org.testng.reporters.JUnitReportReporter -->
<testsuite hostname="LAPTOP-P0G3ANQ6" failures="0" tests="3" name="Dec29TCs.HomePageTestCases" time="51.207" errors="0" timestamp="2021-01-01T21:39:21 IST" skipped="0">
  <testcase classname="Dec29TCs.HomePageTestCases" name="verifySignInLink" time="13.751"/>
  <system-out/>
  <testcase classname="Dec29TCs.HomePageTestCases" name="searchAvalue" time="23.104"/>
  <system-out/>
  <testcase classname="Dec29TCs.HomePageTestCases" name="verifycontactUsLink" time="14.352"/>
  <system-out/>
</testsuite> <!-- Dec29TCs.HomePageTestCases -->
