<?xml version="1.0" encoding="UTF-8"?>
<!-- Generated by org.testng.reporters.JUnitReportReporter -->
<testsuite hostname="LAPTOP-P0G3ANQ6" failures="0" tests="1" name="Dec23.Dept" time="0.001" errors="0" timestamp="2020-12-23T22:18:23 IST" skipped="0">
  <testcase classname="Dec23.Dept" name="empDept" time="0.001"/>
  <system-out/>
</testsuite> <!-- Dec23.Dept -->
