<?xml version="1.0" encoding="UTF-8"?>
<!-- Generated by org.testng.reporters.JUnitReportReporter -->
<testsuite hostname="LAPTOP-P0G3ANQ6" failures="0" tests="2" name="Dec23.LogInTOApp" time="39.389" errors="0" timestamp="2020-12-25T15:15:40 IST" skipped="0">
  <testcase classname="Dec23.LogInTOApp" name="LogIn" time="7.921"/>
  <system-out/>
  <testcase classname="Dec23.LogInTOApp" name="CreateAccount" time="31.468"/>
  <system-out/>
</testsuite> <!-- Dec23.LogInTOApp -->
